<?xml version="1.0" encoding="UTF-8"?>
<!-- Generated by org.testng.reporters.JUnitReportReporter -->
<testsuite hostname="LAPTOP-2I4JTBOI" failures="0" tests="1" name="tests.GoogleTest" time="6.061" errors="0" timestamp="2023-10-16T12:44:12 IST" skipped="0">
  <testcase classname="tests.GoogleTest" name="googletestMethod" time="6.061"/>
</testsuite> <!-- tests.GoogleTest -->
