<?xml version="1.0" encoding="UTF-8"?>
<!-- Generated by org.testng.reporters.JUnitReportReporter -->
<testsuite hostname="LAPTOP-2I4JTBOI" failures="0" tests="1" name="tests.GoogleTest" time="7.905" errors="0" timestamp="2023-10-18T11:20:29 IST" skipped="0">
  <testcase classname="tests.GoogleTest" name="googletestMethod" time="7.905"/>
  <system-out/>
</testsuite> <!-- tests.GoogleTest -->
